<?xml version="1.0" encoding="UTF-8"?>
<testng-results skipped="0" failed="0" ignored="0" total="3" passed="3">
  <reporter-output>
  </reporter-output>
  <suite name="Default suite" duration-ms="26232" started-at="2020-05-27T17:35:54Z" finished-at="2020-05-27T17:36:20Z">
    <groups>
    </groups>
    <test name="Default test" duration-ms="26232" started-at="2020-05-27T17:35:54Z" finished-at="2020-05-27T17:36:20Z">
      <class name="com.smoke.test.SenityTestNG">
        <test-method status="PASS" signature="setup()[pri:0, instance:com.smoke.test.SenityTestNG@23986957]" name="setup" is-config="true" duration-ms="14285" started-at="2020-05-27T17:35:54Z" finished-at="2020-05-27T17:36:08Z">
          <reporter-output>
          </reporter-output>
        </test-method> <!-- setup -->
        <test-method status="PASS" signature="sanity1()[pri:0, instance:com.smoke.test.SenityTestNG@23986957]" name="sanity1" duration-ms="4514" started-at="2020-05-27T17:36:08Z" finished-at="2020-05-27T17:36:12Z">
          <reporter-output>
          </reporter-output>
        </test-method> <!-- sanity1 -->
        <test-method status="PASS" signature="sanity2()[pri:0, instance:com.smoke.test.SenityTestNG@23986957]" name="sanity2" duration-ms="291" started-at="2020-05-27T17:36:12Z" finished-at="2020-05-27T17:36:13Z">
          <reporter-output>
          </reporter-output>
        </test-method> <!-- sanity2 -->
        <test-method status="PASS" signature="sanity3()[pri:0, instance:com.smoke.test.SenityTestNG@23986957]" name="sanity3" duration-ms="6490" started-at="2020-05-27T17:36:13Z" finished-at="2020-05-27T17:36:19Z">
          <reporter-output>
          </reporter-output>
        </test-method> <!-- sanity3 -->
        <test-method status="PASS" signature="tearDown()[pri:0, instance:com.smoke.test.SenityTestNG@23986957]" name="tearDown" is-config="true" duration-ms="634" started-at="2020-05-27T17:36:19Z" finished-at="2020-05-27T17:36:20Z">
          <reporter-output>
          </reporter-output>
        </test-method> <!-- tearDown -->
      </class> <!-- com.smoke.test.SenityTestNG -->
    </test> <!-- Default test -->
  </suite> <!-- Default suite -->
</testng-results>
