<?xml version="1.0" encoding="UTF-8"?>
<!-- Generated by org.testng.reporters.JUnitXMLReporter -->
<testsuite hostname="LAPTOP-8G3EKDSE" ignored="0" name="Default test" tests="3" failures="0" timestamp="27 May 2020 17:36:20 GMT" time="26.232" errors="0">
  <testcase name="sanity1" time="4.514" classname="com.smoke.test.SenityTestNG"/>
  <testcase name="sanity2" time="0.291" classname="com.smoke.test.SenityTestNG"/>
  <testcase name="sanity3" time="6.49" classname="com.smoke.test.SenityTestNG"/>
</testsuite> <!-- Default test -->
